00:27:15 **** Incremental Build of configuration CudaGCC_parallel for project Student_Cuda ****
makeCudaGCC.sh jall 

--------------------------------------------------------
[Runtime] : gcc x86
--------------------------------------------------------

[Runtime] : Cuda  : /usr/local/cuda/lib64
[Runtime] : Cula  : /usr/local/cula/lib64
[Runtime] : MKL   : /opt/intel/mkl/lib/intel64

[Runtime] : GL/GLEW/GLU
[Runtime] : FreeGlut
[Runtime] : Java (JNI)
[Runtime] : X11

[Runtime] : BOOST   : /opt/api/ext/boost/[user-version]/lib/gcc
[Runtime] : OpenCV  : /opt/api/ext/opencv/[user-version]/lib
[Runtime] : CppTest : /opt/api/ext/cpptest/[user-version]/LIB-STATIC/gcc
[Runtime] : gphoto2  : /opt/api/ext/gphoto2/[user-version]/lib

[Runtime] : bilat_tools
[Runtime] : bilat_fenetrage
[Runtime] : bilat_opengl
[Runtime] : bilat_image
[Runtime] : bilat_graphe2d
[Runtime] : bilat_multicourbe_cuda
[Runtime] : bilat_surface

--------------------------------------------------------
[Runtime] : gcc x86 : Ready!
--------------------------------------------------------


g++ (Ubuntu 4.8.4-2ubuntu1~14.04.1) 4.8.4
Copyright (C) 2013 Free Software Foundation, Inc.
This is free software; see the source for copying conditions.  There is NO
warranty; not even for MERCHANTABILITY or FITNESS FOR A PARTICULAR PURPOSE.


nvcc: NVIDIA (R) Cuda compiler driver
Copyright (c) 2005-2015 NVIDIA Corporation
Built on Mon_Feb_16_22:59:02_CST_2015
Cuda compilation tools, release 7.0, V7.0.27


[CUDA GCC] : jall


==================================================================================
[CBI] -> Target Name  : Student_Cuda_gcc_cuda_70_x86_64
[CBI] ->
[CBI] -> Build        : /tmp/ramdrive/arc17/Targets/Student_Cuda/bin/Student_Cuda_gcc_cuda_70_x86_64.run
[CBI] -> Deploy       : ../RELEASE/bin
[CBI] ->
[CBI] -> Type	      : EXE
[CBI] -> Arch	      : x86_64
[CBI] -> OS	 		  : Linux
[CBI] -> User	 	  : arc17
[CBI] ->
[CBI] -> Task		  : Compiling-Linking !
==================================================================================

[CBI] -> SRC AUX (Recursif) :
[CBI] ->
[CBI] ->              : ../BilatTools_CPP/src/core
[CBI] ->              : ../BilatTools_Cuda/src/core
[CBI] ->              : /opt/api/ext/boost/158/lib_static/gcc
[CBI] ->              : /opt/api/ext/cpptest/112/LIB_STATIC/gcc

[CBI] -> CXXFLAGS (Partial) :
[CBI] ->
[CBI] ->              : -fopenmp
[CBI] ->              : -std=c++11
[CBI] ->              : -O3
[CBI] ->              : -frerun-loop-opt
[CBI] ->              : -fomit-frame-pointer

[CBI] -> CXXLDFLAGS (Partial) :
[CBI] ->

[CBI] -> NVCCFLAGS (Partial) :
[CBI] ->
[CBI] ->              : --fmad=true
[CBI] ->              : -arch=sm_20
[CBI] ->              : -m64
[CBI] ->              : -use_fast_math

[CBI] -> NVCCLDFLAGS (Partial) :
[CBI] ->
[CBI] ->              : -arch=sm_20

[CBI] -> INC_PATH (auto detect):
[CBI] ->              : ../BilatTools_CPP/src/core/tools/header/
[CBI] ->              : ../BilatTools_CPP/src/core/tools/header/namespace_cpu/
[CBI] ->              : ../BilatTools_Cuda/src/core/cudatools/header/both/
[CBI] ->              : ../BilatTools_Cuda/src/core/cudatools/header/device/
[CBI] ->              : ../BilatTools_Cuda/src/core/cudatools/header/device/curand/
[CBI] ->              : ../BilatTools_Cuda/src/core/cudatools/header/device/reduction/
[CBI] ->              : ../BilatTools_Cuda/src/core/cudatools/header/device/synchronisation/
[CBI] ->              : ../BilatTools_Cuda/src/core/cudatools/header/host/
[CBI] ->              : ../BilatTools_Cuda/src/core/cudatools/header/mixte/
[CBI] ->              : ../BilatTools_Cuda/src/core/cudatools/nvidia/
[CBI] ->              : src/cpp/core/00_Tools/
[CBI] ->              : src/cpp/core/02_Hello_add_vector/00_tools/
[CBI] ->              : src/cpp/core/02_Hello_add_vector/01_objet/host/
[CBI] ->              : src/cpp/core/03_Slice/moo/host/
[CBI] ->              : src/cpp/core/06_Histogramme/01_objet/host/
[CBI] ->              : src/cpp/test/junit/01_Test_Hello/
[CBI] ->              : src/cpp/test/junit/02_Test_Vector/
[CBI] ->              : src/cpp/tools/


[CBI] -> LIB_PATH (auto detect):

[CBI] -> LIB_PATH (auto detect):

[CBI] -> API_INC :
[CBI] ->              : /opt/api/ext/boost/158/include
[CBI] ->              : /opt/api/ext/cpptest/112/INC
[CBI] ->              : /opt/api/ext/cpptest/112/INC/extension
[CBI] ->              : /usr/local/cuda/include
[CBI] ->              : /usr/local/cuda/include/CL
[CBI] ->              : /usr/local/cuda/include/crt
[CBI] ->              : /usr/local/cuda/include/thrust

[CBI] -> API_LIB :
[CBI] ->              : /usr/local/cuda/lib64

[CBI] -> API_BIN :
[CBI] ->              : /usr/local/cuda/lib64

[CBI] -> API_LIBRARIES :
[CBI] ->              : cublas
[CBI] ->              : cudart
[CBI] ->              : cufft
[CBI] ->              : cufftw
[CBI] ->              : cuinj64
[CBI] ->              : curand
[CBI] ->              : cusolver
[CBI] ->              : cusparse
[CBI] ->              : nppc
[CBI] ->              : nppi
[CBI] ->              : npps
[CBI] ->              : nvToolsExt
[CBI] ->              : nvblas
[CBI] ->              : nvrtc
[CBI] ->              : nvrtc-builtins
[CBI] ->              : pthread


[CBI] -> Compilation parallel (12 threads)

[Student_Cuda_gcc_cuda_70_x86_64] -> g++ compiling .cpp : src/cpp/core/mainCore.cpp

[CBI] -> Linking to   : /tmp/ramdrive/arc17/Targets/Student_Cuda/bin/Student_Cuda_gcc_cuda_70_x86_64.run

[CBI] -> Library Link :
[CBI] ->
[CBI] ->              : -lCpp_Test_gcc_x86_64
[CBI] ->              : -lboost_atomic-gcc48
[CBI] ->              : -lboost_chrono-gcc48
[CBI] ->              : -lboost_container-gcc48
[CBI] ->              : -lboost_context-gcc48
[CBI] ->              : -lboost_coroutine-gcc48
[CBI] ->              : -lboost_date_time-gcc48
[CBI] ->              : -lboost_exception-gcc48
[CBI] ->              : -lboost_filesystem-gcc48
[CBI] ->              : -lboost_graph-gcc48
[CBI] ->              : -lboost_locale-gcc48
[CBI] ->              : -lboost_log-gcc48
[CBI] ->              : -lboost_log_setup-gcc48
[CBI] ->              : -lboost_math_c99-gcc48
[CBI] ->              : -lboost_math_c99f-gcc48
[CBI] ->              : -lboost_math_c99l-gcc48
[CBI] ->              : -lboost_math_tr1-gcc48
[CBI] ->              : -lboost_math_tr1f-gcc48
[CBI] ->              : -lboost_math_tr1l-gcc48
[CBI] ->              : -lboost_prg_exec_monitor-gcc48
[CBI] ->              : -lboost_program_options-gcc48
[CBI] ->              : -lboost_random-gcc48
[CBI] ->              : -lboost_regex-gcc48
[CBI] ->              : -lboost_serialization-gcc48
[CBI] ->              : -lboost_signals-gcc48
[CBI] ->              : -lboost_system-gcc48
[CBI] ->              : -lboost_test_exec_monitor-gcc48
[CBI] ->              : -lboost_thread-gcc48
[CBI] ->              : -lboost_timer-gcc48
[CBI] ->              : -lboost_unit_test_framework-gcc48
[CBI] ->              : -lboost_wave-gcc48
[CBI] ->              : -lboost_wserialization-gcc48
[CBI] ->              : -lcublas
[CBI] ->              : -lcudart
[CBI] ->              : -lcufft
[CBI] ->              : -lcufftw
[CBI] ->              : -lcuinj64
[CBI] ->              : -lcurand
[CBI] ->              : -lcusolver
[CBI] ->              : -lcusparse
[CBI] ->              : -lgomp
[CBI] ->              : -lnppc
[CBI] ->              : -lnppi
[CBI] ->              : -lnpps
[CBI] ->              : -lnvToolsExt
[CBI] ->              : -lnvblas
[CBI] ->              : -lnvrtc
[CBI] ->              : -lnvrtc-builtins
[CBI] ->              : -lpthread


==================================================================================
[CBI] -> Target Name  : Student_Cuda_gcc_cuda_70_x86_64
[CBI] -> Location     : /tmp/ramdrive/arc17/Targets/Student_Cuda/bin/Student_Cuda_gcc_cuda_70_x86_64.run
[CBI] -> Deploy 	  : ../RELEASE/bin
[CBI] ->
[CBI] -> Type	 	  : EXE
[CBI] -> Arch	 	  : x86_64
[CBI] -> OS	 	      : Linux
[CBI] -> User	 	  : arc17
[CBI] ->
[CBI] -> Compilateur  : g++) && nvcc
[CBI] -> Task		  : End Compiling-Linking !
[CBI] -> Time		  : 0 (s)
==================================================================================


[CBI] -> Deploying      : ../RELEASE/bin/Student_Cuda_gcc_cuda_70_x86_64.run

[CBI] -> Student_Cuda_gcc_cuda_70_x86_64 : End ALL!

00:33:54 **** Clean-only build of configuration Visual_parallel for project BilatTools_CPP ****
makeVisual.bat clean 
Cannot run program "makeVisual.bat": Unknown reason

Error: Program "makeVisual.bat" not found in PATH
PATH=[/usr/local/sbin:/usr/local/bin:/usr/sbin:/usr/bin:/sbin:/bin:/usr/games:/usr/local/games:/usr/local/etc/cbi/dev/make]
00:33:54 **** Clean-only build of configuration CudaVisual_parallel for project BilatTools_Cuda ****
makeCudaVisual clean 
Cannot run program "makeCudaVisual": Unknown reason

Error: Program "makeCudaVisual" not found in PATH
PATH=[/usr/local/sbin:/usr/local/bin:/usr/sbin:/usr/bin:/sbin:/bin:/usr/games:/usr/local/games:/usr/local/etc/cbi/dev/make]
00:33:54 **** Clean-only build of configuration CudaVisual_parallel for project BilatTools_Cuda_Image ****
makeCudaVisual clean 
Cannot run program "makeCudaVisual": Unknown reason

Error: Program "makeCudaVisual" not found in PATH
PATH=[/usr/local/sbin:/usr/local/bin:/usr/sbin:/usr/bin:/sbin:/bin:/usr/games:/usr/local/games:/usr/local/etc/cbi/dev/make]
00:33:54 **** Clean-only build of configuration MinGW_parallel for project BilatTools_Image ****
Info: Configuration "MinGW_parallel" uses tool-chain "MinGW GCC" that is unsupported on this system, attempting to build anyway.
makeMinGW clean 
Cannot run program "makeMinGW": Unknown reason

Error: Program "makeMinGW" not found in PATH
PATH=[/bin:/bin:/usr/local/sbin:/usr/local/bin:/usr/sbin:/usr/bin:/sbin:/bin:/usr/games:/usr/local/games:/usr/local/etc/cbi/dev/make]
00:33:54 **** Clean-only build of configuration Visual_parallel for project BilatTools_OMP ****
Info: Configuration "Visual_parallel" uses tool-chain "cdt.managedbuild.toolchain.gnu.mingw.base" that is unsupported on this system, attempting to build anyway.
makeVisual.bat clean 
Cannot run program "makeVisual.bat": Unknown reason

Error: Program "makeVisual.bat" not found in PATH
PATH=[/bin:/bin:/usr/local/sbin:/usr/local/bin:/usr/sbin:/usr/bin:/sbin:/bin:/usr/games:/usr/local/games:/usr/local/etc/cbi/dev/make]
00:33:54 **** Clean-only build of configuration IntelWin_parallel for project BilatTools_OpenCV ****
makeIntelWin.bat clean 
Cannot run program "makeIntelWin.bat": Unknown reason

Error: Program "makeIntelWin.bat" not found in PATH
PATH=[/usr/local/sbin:/usr/local/bin:/usr/sbin:/usr/bin:/sbin:/bin:/usr/games:/usr/local/games:/usr/local/etc/cbi/dev/make]
00:33:54 **** Clean-only build of configuration CudaGCC_parallel for project Student_Cuda ****
makeCudaGCC.sh clean 

--------------------------------------------------------
[Runtime] : gcc x86
--------------------------------------------------------

[Runtime] : Cuda  : /usr/local/cuda/lib64
[Runtime] : Cula  : /usr/local/cula/lib64
[Runtime] : MKL   : /opt/intel/mkl/lib/intel64

[Runtime] : GL/GLEW/GLU
[Runtime] : FreeGlut
[Runtime] : Java (JNI)
[Runtime] : X11

[Runtime] : BOOST   : /opt/api/ext/boost/[user-version]/lib/gcc
[Runtime] : OpenCV  : /opt/api/ext/opencv/[user-version]/lib
[Runtime] : CppTest : /opt/api/ext/cpptest/[user-version]/LIB-STATIC/gcc
[Runtime] : gphoto2  : /opt/api/ext/gphoto2/[user-version]/lib

[Runtime] : bilat_tools
[Runtime] : bilat_fenetrage
[Runtime] : bilat_opengl
[Runtime] : bilat_image
[Runtime] : bilat_graphe2d
[Runtime] : bilat_multicourbe_cuda
[Runtime] : bilat_surface

--------------------------------------------------------
[Runtime] : gcc x86 : Ready!
--------------------------------------------------------


g++ (Ubuntu 4.8.4-2ubuntu1~14.04.1) 4.8.4
Copyright (C) 2013 Free Software Foundation, Inc.
This is free software; see the source for copying conditions.  There is NO
warranty; not even for MERCHANTABILITY or FITNESS FOR A PARTICULAR PURPOSE.


nvcc: NVIDIA (R) Cuda compiler driver
Copyright (c) 2005-2015 NVIDIA Corporation
Built on Mon_Feb_16_22:59:02_CST_2015
Cuda compilation tools, release 7.0, V7.0.27


[CUDA GCC] : clean


==================================================================================
[CBI] -> Target            : Student_Cuda_gcc_cuda_70_x86_64
[CBI] -> Task			     : DELETE
[CBI]
[CBI] -> Delete .obj       : /tmp/ramdrive/arc17/Targets/Student_Cuda/obj
[CBI] -> Delete .bin       : /tmp/ramdrive/arc17/Targets/Student_Cuda/bin
[CBI] -> Delete .cubin     : /tmp/ramdrive/arc17/Targets/Student_Cuda/cubin
[CBI] -> Delete doc        : /tmp/ramdrive/arc17/Targets/Student_Cuda/doc
[CBI]
[CBI] -> Delete deploy     : ../RELEASE/bin/Student_Cuda_gcc_cuda_70_x86_64.run
[CBI] -> Delete deploy doc : ../RELEASE/doc/Student_Cuda_gcc_cuda_70_x86_64.doc.tar.gz
==================================================================================

00:33:54 **** Clean-only build of configuration CudaGCC_parallel for project Student_Cuda_Image ****
makeCudaGCC.sh clean 

--------------------------------------------------------
[Runtime] : gcc x86
--------------------------------------------------------

[Runtime] : Cuda  : /usr/local/cuda/lib64
[Runtime] : Cula  : /usr/local/cula/lib64
[Runtime] : MKL   : /opt/intel/mkl/lib/intel64

[Runtime] : GL/GLEW/GLU
[Runtime] : FreeGlut
[Runtime] : Java (JNI)
[Runtime] : X11

[Runtime] : BOOST   : /opt/api/ext/boost/[user-version]/lib/gcc
[Runtime] : OpenCV  : /opt/api/ext/opencv/[user-version]/lib
[Runtime] : CppTest : /opt/api/ext/cpptest/[user-version]/LIB-STATIC/gcc
[Runtime] : gphoto2  : /opt/api/ext/gphoto2/[user-version]/lib

[Runtime] : bilat_tools
[Runtime] : bilat_fenetrage
[Runtime] : bilat_opengl
[Runtime] : bilat_image
[Runtime] : bilat_graphe2d
[Runtime] : bilat_multicourbe_cuda
[Runtime] : bilat_surface

--------------------------------------------------------
[Runtime] : gcc x86 : Ready!
--------------------------------------------------------


g++ (Ubuntu 4.8.4-2ubuntu1~14.04.1) 4.8.4
Copyright (C) 2013 Free Software Foundation, Inc.
This is free software; see the source for copying conditions.  There is NO
warranty; not even for MERCHANTABILITY or FITNESS FOR A PARTICULAR PURPOSE.


nvcc: NVIDIA (R) Cuda compiler driver
Copyright (c) 2005-2015 NVIDIA Corporation
Built on Mon_Feb_16_22:59:02_CST_2015
Cuda compilation tools, release 7.0, V7.0.27


[CUDA GCC] : clean


==================================================================================
[CBI] -> Target            : Student_Cuda_Image_gcc_cuda_70_x86_64
[CBI] -> Task			     : DELETE
[CBI]
[CBI] -> Delete .obj       : /tmp/ramdrive/arc17/Targets/Student_Cuda_Image/obj
[CBI] -> Delete .bin       : /tmp/ramdrive/arc17/Targets/Student_Cuda_Image/bin
[CBI] -> Delete .cubin     : /tmp/ramdrive/arc17/Targets/Student_Cuda_Image/cubin
[CBI] -> Delete doc        : /tmp/ramdrive/arc17/Targets/Student_Cuda_Image/doc
[CBI]
[CBI] -> Delete deploy     : ../RELEASE/bin/Student_Cuda_Image_gcc_cuda_70_x86_64.run
[CBI] -> Delete deploy doc : ../RELEASE/doc/Student_Cuda_Image_gcc_cuda_70_x86_64.doc.tar.gz
==================================================================================

00:33:54 **** Clean-only build of configuration CudaGCC_parallel for project Student_Demo_Image ****
makeCudaGCC.sh clean 

--------------------------------------------------------
[Runtime] : gcc x86
--------------------------------------------------------

[Runtime] : Cuda  : /usr/local/cuda/lib64
[Runtime] : Cula  : /usr/local/cula/lib64
[Runtime] : MKL   : /opt/intel/mkl/lib/intel64

[Runtime] : GL/GLEW/GLU
[Runtime] : FreeGlut
[Runtime] : Java (JNI)
[Runtime] : X11

[Runtime] : BOOST   : /opt/api/ext/boost/[user-version]/lib/gcc
[Runtime] : OpenCV  : /opt/api/ext/opencv/[user-version]/lib
[Runtime] : CppTest : /opt/api/ext/cpptest/[user-version]/LIB-STATIC/gcc
[Runtime] : gphoto2  : /opt/api/ext/gphoto2/[user-version]/lib

[Runtime] : bilat_tools
[Runtime] : bilat_fenetrage
[Runtime] : bilat_opengl
[Runtime] : bilat_image
[Runtime] : bilat_graphe2d
[Runtime] : bilat_multicourbe_cuda
[Runtime] : bilat_surface

--------------------------------------------------------
[Runtime] : gcc x86 : Ready!
--------------------------------------------------------


g++ (Ubuntu 4.8.4-2ubuntu1~14.04.1) 4.8.4
Copyright (C) 2013 Free Software Foundation, Inc.
This is free software; see the source for copying conditions.  There is NO
warranty; not even for MERCHANTABILITY or FITNESS FOR A PARTICULAR PURPOSE.


nvcc: NVIDIA (R) Cuda compiler driver
Copyright (c) 2005-2015 NVIDIA Corporation
Built on Mon_Feb_16_22:59:02_CST_2015
Cuda compilation tools, release 7.0, V7.0.27


[CUDA GCC] : clean


==================================================================================
[CBI] -> Target            : Student_Demo_Image_gcc_cuda_70_x86_64
[CBI] -> Task			     : DELETE
[CBI]
[CBI] -> Delete .obj       : /tmp/ramdrive/arc17/Targets/Student_Demo_Image/obj
[CBI] -> Delete .bin       : /tmp/ramdrive/arc17/Targets/Student_Demo_Image/bin
[CBI] -> Delete .cubin     : /tmp/ramdrive/arc17/Targets/Student_Demo_Image/cubin
[CBI] -> Delete doc        : /tmp/ramdrive/arc17/Targets/Student_Demo_Image/doc
[CBI]
[CBI] -> Delete deploy     : ../RELEASE/bin/Student_Demo_Image_gcc_cuda_70_x86_64.run
[CBI] -> Delete deploy doc : ../RELEASE/doc/Student_Demo_Image_gcc_cuda_70_x86_64.doc.tar.gz
==================================================================================

00:33:54 **** Clean-only build of configuration GCC_parallel for project Student_OMP ****
makeGCC.sh clean 

--------------------------------------------------------
[Runtime] : gcc x86
--------------------------------------------------------

[Runtime] : Cuda  : /usr/local/cuda/lib64
[Runtime] : Cula  : /usr/local/cula/lib64
[Runtime] : MKL   : /opt/intel/mkl/lib/intel64

[Runtime] : GL/GLEW/GLU
[Runtime] : FreeGlut
[Runtime] : Java (JNI)
[Runtime] : X11

[Runtime] : BOOST   : /opt/api/ext/boost/[user-version]/lib/gcc
[Runtime] : OpenCV  : /opt/api/ext/opencv/[user-version]/lib
[Runtime] : CppTest : /opt/api/ext/cpptest/[user-version]/LIB-STATIC/gcc
[Runtime] : gphoto2  : /opt/api/ext/gphoto2/[user-version]/lib

[Runtime] : bilat_tools
[Runtime] : bilat_fenetrage
[Runtime] : bilat_opengl
[Runtime] : bilat_image
[Runtime] : bilat_graphe2d
[Runtime] : bilat_multicourbe_cuda
[Runtime] : bilat_surface

--------------------------------------------------------
[Runtime] : gcc x86 : Ready!
--------------------------------------------------------


g++ (Ubuntu 4.8.4-2ubuntu1~14.04.1) 4.8.4
Copyright (C) 2013 Free Software Foundation, Inc.
This is free software; see the source for copying conditions.  There is NO
warranty; not even for MERCHANTABILITY or FITNESS FOR A PARTICULAR PURPOSE.


[Make] : GCC : clean


==================================================================================
[CBI] -> Target            : Student_OMP_gcc_x86_64
[CBI] -> Task			   : DELETE
[CBI] ->
[CBI] -> Delete .obj       : /tmp/ramdrive/arc17/Targets/Student_OMP/obj
[CBI] -> Delete .bin       : /tmp/ramdrive/arc17/Targets/Student_OMP/bin
[CBI] -> Delete doc        : /tmp/ramdrive/arc17/Targets/Student_OMP/doc
[CBI] ->
[CBI] -> Delete deploy     : ../RELEASE/bin/Student_OMP_gcc_x86_64.run
[CBI] -> Delete deploy doc : ../RELEASE/doc/Student_OMP_gcc_x86_64.doc.tar.gz
==================================================================================

00:33:54 **** Clean-only build of configuration IntelLinux_parallel for project Student_OMP_Image ****
makeIntelLinux.sh clean 

--------------------------------------------------------
[Runtime] : intel x86
--------------------------------------------------------

[Runtime] : Cuda  : /usr/local/cuda/lib64
[Runtime] : Cula  : /usr/local/cula/lib64
[Runtime] : MKL   : /opt/intel/mkl/lib/intel64
[Runtime] : Intel : /opt/intel

[Runtime] : GL/GLEW/GLU
[Runtime] : FreeGlut
[Runtime] : Java (JNI)
[Runtime] : X11

[Runtime] : BOOST   : /opt/api/ext/boost/[user-version]/lib/intel
[Runtime] : OpenCV  : /opt/api/ext/opencv/[user-version]/lib
[Runtime] : CppTest : /opt/api/ext/cpptest/[user-version]/LIB-STATIC/intel
[Runtime] : gphoto2  : /opt/api/ext/gphoto2/[user-version]/lib

[Runtime] : bilat_tools
[Runtime] : bilat_fenetrage
[Runtime] : bilat_opengl
[Runtime] : bilat_image
[Runtime] : bilat_graphe2d
[Runtime] : bilat_multicourbe_cuda
[Runtime] : bilat_surface

--------------------------------------------------------
[Runtime] : intel x86 : Ready!
--------------------------------------------------------


[INTEL] : clean

icpc (ICC) 15.0.3 20150407
Copyright (C) 1985-2015 Intel Corporation.  All rights reserved.


==================================================================================
[CBI] -> Target            : Student_OMP_Image_intel_x86_64
[CBI] -> Task			   : DELETE
[CBI] ->
[CBI] -> Delete .obj       : /tmp/ramdrive/arc17/Targets/Student_OMP_Image/obj
[CBI] -> Delete .bin       : /tmp/ramdrive/arc17/Targets/Student_OMP_Image/bin
[CBI] -> Delete doc        : /tmp/ramdrive/arc17/Targets/Student_OMP_Image/doc
[CBI] ->
[CBI] -> Delete deploy     : ../RELEASE/bin/Student_OMP_Image_intel_x86_64.run
[CBI] -> Delete deploy doc : ../RELEASE/doc/Student_OMP_Image_intel_x86_64.doc.tar.gz
==================================================================================

00:33:55 **** Clean-only build of configuration GCC_parallel for project Tuto_Boost ****
makeGCC.sh clean 

--------------------------------------------------------
[Runtime] : gcc x86
--------------------------------------------------------

[Runtime] : Cuda  : /usr/local/cuda/lib64
[Runtime] : Cula  : /usr/local/cula/lib64
[Runtime] : MKL   : /opt/intel/mkl/lib/intel64

[Runtime] : GL/GLEW/GLU
[Runtime] : FreeGlut
[Runtime] : Java (JNI)
[Runtime] : X11

[Runtime] : BOOST   : /opt/api/ext/boost/[user-version]/lib/gcc
[Runtime] : OpenCV  : /opt/api/ext/opencv/[user-version]/lib
[Runtime] : CppTest : /opt/api/ext/cpptest/[user-version]/LIB-STATIC/gcc
[Runtime] : gphoto2  : /opt/api/ext/gphoto2/[user-version]/lib

[Runtime] : bilat_tools
[Runtime] : bilat_fenetrage
[Runtime] : bilat_opengl
[Runtime] : bilat_image
[Runtime] : bilat_graphe2d
[Runtime] : bilat_multicourbe_cuda
[Runtime] : bilat_surface

--------------------------------------------------------
[Runtime] : gcc x86 : Ready!
--------------------------------------------------------


g++ (Ubuntu 4.8.4-2ubuntu1~14.04.1) 4.8.4
Copyright (C) 2013 Free Software Foundation, Inc.
This is free software; see the source for copying conditions.  There is NO
warranty; not even for MERCHANTABILITY or FITNESS FOR A PARTICULAR PURPOSE.


[Make] : GCC : clean


==================================================================================
[CBI] -> Target            : Tuto_Boost_gcc_x86_64
[CBI] -> Task			   : DELETE
[CBI] ->
[CBI] -> Delete .obj       : /tmp/ramdrive/arc17/Targets/Tuto_Boost/obj
[CBI] -> Delete .bin       : /tmp/ramdrive/arc17/Targets/Tuto_Boost/bin
[CBI] -> Delete doc        : /tmp/ramdrive/arc17/Targets/Tuto_Boost/doc
[CBI] ->
[CBI] -> Delete deploy     : ../RELEASE/bin/Tuto_Boost_gcc_x86_64.run
[CBI] -> Delete deploy doc : ../RELEASE/doc/Tuto_Boost_gcc_x86_64.doc.tar.gz
==================================================================================

00:33:55 **** Clean-only build of configuration GCC_parallel for project Tuto_CppTest ****
makeGCC.sh clean 

--------------------------------------------------------
[Runtime] : gcc x86
--------------------------------------------------------

[Runtime] : Cuda  : /usr/local/cuda/lib64
[Runtime] : Cula  : /usr/local/cula/lib64
[Runtime] : MKL   : /opt/intel/mkl/lib/intel64

[Runtime] : GL/GLEW/GLU
[Runtime] : FreeGlut
[Runtime] : Java (JNI)
[Runtime] : X11

[Runtime] : BOOST   : /opt/api/ext/boost/[user-version]/lib/gcc
[Runtime] : OpenCV  : /opt/api/ext/opencv/[user-version]/lib
[Runtime] : CppTest : /opt/api/ext/cpptest/[user-version]/LIB-STATIC/gcc
[Runtime] : gphoto2  : /opt/api/ext/gphoto2/[user-version]/lib

[Runtime] : bilat_tools
[Runtime] : bilat_fenetrage
[Runtime] : bilat_opengl
[Runtime] : bilat_image
[Runtime] : bilat_graphe2d
[Runtime] : bilat_multicourbe_cuda
[Runtime] : bilat_surface

--------------------------------------------------------
[Runtime] : gcc x86 : Ready!
--------------------------------------------------------


g++ (Ubuntu 4.8.4-2ubuntu1~14.04.1) 4.8.4
Copyright (C) 2013 Free Software Foundation, Inc.
This is free software; see the source for copying conditions.  There is NO
warranty; not even for MERCHANTABILITY or FITNESS FOR A PARTICULAR PURPOSE.


[Make] : GCC : clean


==================================================================================
[CBI] -> Target            : Tuto_CPPTest_gcc_x86_64
[CBI] -> Task			   : DELETE
[CBI] ->
[CBI] -> Delete .obj       : /tmp/ramdrive/arc17/Targets/Tuto_CPPTest/obj
[CBI] -> Delete .bin       : /tmp/ramdrive/arc17/Targets/Tuto_CPPTest/bin
[CBI] -> Delete doc        : /tmp/ramdrive/arc17/Targets/Tuto_CPPTest/doc
[CBI] ->
[CBI] -> Delete deploy     : ../RELEASE/bin/Tuto_CPPTest_gcc_x86_64.run
[CBI] -> Delete deploy doc : ../RELEASE/doc/Tuto_CPPTest_gcc_x86_64.doc.tar.gz
==================================================================================

00:33:55 **** Clean-only build of configuration GCC_parallel for project Tuto_Doxy ****
makeGCC.sh clean 

--------------------------------------------------------
[Runtime] : gcc x86
--------------------------------------------------------

[Runtime] : Cuda  : /usr/local/cuda/lib64
[Runtime] : Cula  : /usr/local/cula/lib64
[Runtime] : MKL   : /opt/intel/mkl/lib/intel64

[Runtime] : GL/GLEW/GLU
[Runtime] : FreeGlut
[Runtime] : Java (JNI)
[Runtime] : X11

[Runtime] : BOOST   : /opt/api/ext/boost/[user-version]/lib/gcc
[Runtime] : OpenCV  : /opt/api/ext/opencv/[user-version]/lib
[Runtime] : CppTest : /opt/api/ext/cpptest/[user-version]/LIB-STATIC/gcc
[Runtime] : gphoto2  : /opt/api/ext/gphoto2/[user-version]/lib

[Runtime] : bilat_tools
[Runtime] : bilat_fenetrage
[Runtime] : bilat_opengl
[Runtime] : bilat_image
[Runtime] : bilat_graphe2d
[Runtime] : bilat_multicourbe_cuda
[Runtime] : bilat_surface

--------------------------------------------------------
[Runtime] : gcc x86 : Ready!
--------------------------------------------------------


g++ (Ubuntu 4.8.4-2ubuntu1~14.04.1) 4.8.4
Copyright (C) 2013 Free Software Foundation, Inc.
This is free software; see the source for copying conditions.  There is NO
warranty; not even for MERCHANTABILITY or FITNESS FOR A PARTICULAR PURPOSE.


[Make] : GCC : clean


==================================================================================
[CBI] -> Target            : Tuto_Doxygen_gcc_x86_64
[CBI] -> Task			   : DELETE
[CBI] ->
[CBI] -> Delete .obj       : /tmp/ramdrive/arc17/Targets/Tuto_Doxygen/obj
[CBI] -> Delete .bin       : /tmp/ramdrive/arc17/Targets/Tuto_Doxygen/bin
[CBI] -> Delete doc        : /tmp/ramdrive/arc17/Targets/Tuto_Doxygen/doc
[CBI] ->
[CBI] -> Delete deploy     : ../RELEASE/bin/Tuto_Doxygen_gcc_x86_64.run
[CBI] -> Delete deploy doc : ../RELEASE/doc/Tuto_Doxygen_gcc_x86_64.doc.tar.gz
==================================================================================

00:33:55 **** Clean-only build of configuration GCC_parallel for project Tuto_Graphe_GL ****
makeGCC.sh clean 

--------------------------------------------------------
[Runtime] : gcc x86
--------------------------------------------------------

[Runtime] : Cuda  : /usr/local/cuda/lib64
[Runtime] : Cula  : /usr/local/cula/lib64
[Runtime] : MKL   : /opt/intel/mkl/lib/intel64

[Runtime] : GL/GLEW/GLU
[Runtime] : FreeGlut
[Runtime] : Java (JNI)
[Runtime] : X11

[Runtime] : BOOST   : /opt/api/ext/boost/[user-version]/lib/gcc
[Runtime] : OpenCV  : /opt/api/ext/opencv/[user-version]/lib
[Runtime] : CppTest : /opt/api/ext/cpptest/[user-version]/LIB-STATIC/gcc
[Runtime] : gphoto2  : /opt/api/ext/gphoto2/[user-version]/lib

[Runtime] : bilat_tools
[Runtime] : bilat_fenetrage
[Runtime] : bilat_opengl
[Runtime] : bilat_image
[Runtime] : bilat_graphe2d
[Runtime] : bilat_multicourbe_cuda
[Runtime] : bilat_surface

--------------------------------------------------------
[Runtime] : gcc x86 : Ready!
--------------------------------------------------------


g++ (Ubuntu 4.8.4-2ubuntu1~14.04.1) 4.8.4
Copyright (C) 2013 Free Software Foundation, Inc.
This is free software; see the source for copying conditions.  There is NO
warranty; not even for MERCHANTABILITY or FITNESS FOR A PARTICULAR PURPOSE.


[Make] : GCC : clean


==================================================================================
[CBI] -> Target            : Tuto_Graphe_gcc_x86_64
[CBI] -> Task			   : DELETE
[CBI] ->
[CBI] -> Delete .obj       : /tmp/ramdrive/arc17/Targets/Tuto_Graphe/obj
[CBI] -> Delete .bin       : /tmp/ramdrive/arc17/Targets/Tuto_Graphe/bin
[CBI] -> Delete doc        : /tmp/ramdrive/arc17/Targets/Tuto_Graphe/doc
[CBI] ->
[CBI] -> Delete deploy     : ../RELEASE/bin/Tuto_Graphe_gcc_x86_64.run
[CBI] -> Delete deploy doc : ../RELEASE/doc/Tuto_Graphe_gcc_x86_64.doc.tar.gz
==================================================================================

00:33:55 **** Clean-only build of configuration GCC_parallel for project Tuto_Image ****
makeGCC.sh clean 

--------------------------------------------------------
[Runtime] : gcc x86
--------------------------------------------------------

[Runtime] : Cuda  : /usr/local/cuda/lib64
[Runtime] : Cula  : /usr/local/cula/lib64
[Runtime] : MKL   : /opt/intel/mkl/lib/intel64

[Runtime] : GL/GLEW/GLU
[Runtime] : FreeGlut
[Runtime] : Java (JNI)
[Runtime] : X11

[Runtime] : BOOST   : /opt/api/ext/boost/[user-version]/lib/gcc
[Runtime] : OpenCV  : /opt/api/ext/opencv/[user-version]/lib
[Runtime] : CppTest : /opt/api/ext/cpptest/[user-version]/LIB-STATIC/gcc
[Runtime] : gphoto2  : /opt/api/ext/gphoto2/[user-version]/lib

[Runtime] : bilat_tools
[Runtime] : bilat_fenetrage
[Runtime] : bilat_opengl
[Runtime] : bilat_image
[Runtime] : bilat_graphe2d
[Runtime] : bilat_multicourbe_cuda
[Runtime] : bilat_surface

--------------------------------------------------------
[Runtime] : gcc x86 : Ready!
--------------------------------------------------------


g++ (Ubuntu 4.8.4-2ubuntu1~14.04.1) 4.8.4
Copyright (C) 2013 Free Software Foundation, Inc.
This is free software; see the source for copying conditions.  There is NO
warranty; not even for MERCHANTABILITY or FITNESS FOR A PARTICULAR PURPOSE.


[Make] : GCC : clean


==================================================================================
[CBI] -> Target            : Tuto_Image_gcc_x86_64
[CBI] -> Task			   : DELETE
[CBI] ->
[CBI] -> Delete .obj       : /tmp/ramdrive/arc17/Targets/Tuto_Image/obj
[CBI] -> Delete .bin       : /tmp/ramdrive/arc17/Targets/Tuto_Image/bin
[CBI] -> Delete doc        : /tmp/ramdrive/arc17/Targets/Tuto_Image/doc
[CBI] ->
[CBI] -> Delete deploy     : ../RELEASE/bin/Tuto_Image_gcc_x86_64.run
[CBI] -> Delete deploy doc : ../RELEASE/doc/Tuto_Image_gcc_x86_64.doc.tar.gz
==================================================================================

00:33:55 **** Clean-only build of configuration CudaGCC_paralell for project Tuto_Image_Cuda ****
makeCudaGCC.sh clean 

--------------------------------------------------------
[Runtime] : gcc x86
--------------------------------------------------------

[Runtime] : Cuda  : /usr/local/cuda/lib64
[Runtime] : Cula  : /usr/local/cula/lib64
[Runtime] : MKL   : /opt/intel/mkl/lib/intel64

[Runtime] : GL/GLEW/GLU
[Runtime] : FreeGlut
[Runtime] : Java (JNI)
[Runtime] : X11

[Runtime] : BOOST   : /opt/api/ext/boost/[user-version]/lib/gcc
[Runtime] : OpenCV  : /opt/api/ext/opencv/[user-version]/lib
[Runtime] : CppTest : /opt/api/ext/cpptest/[user-version]/LIB-STATIC/gcc
[Runtime] : gphoto2  : /opt/api/ext/gphoto2/[user-version]/lib

[Runtime] : bilat_tools
[Runtime] : bilat_fenetrage
[Runtime] : bilat_opengl
[Runtime] : bilat_image
[Runtime] : bilat_graphe2d
[Runtime] : bilat_multicourbe_cuda
[Runtime] : bilat_surface

--------------------------------------------------------
[Runtime] : gcc x86 : Ready!
--------------------------------------------------------


g++ (Ubuntu 4.8.4-2ubuntu1~14.04.1) 4.8.4
Copyright (C) 2013 Free Software Foundation, Inc.
This is free software; see the source for copying conditions.  There is NO
warranty; not even for MERCHANTABILITY or FITNESS FOR A PARTICULAR PURPOSE.


nvcc: NVIDIA (R) Cuda compiler driver
Copyright (c) 2005-2015 NVIDIA Corporation
Built on Mon_Feb_16_22:59:02_CST_2015
Cuda compilation tools, release 7.0, V7.0.27


[CUDA GCC] : clean


==================================================================================
[CBI] -> Target            : Tuto_Image_Cuda_gcc_cuda_70_x86_64
[CBI] -> Task			     : DELETE
[CBI]
[CBI] -> Delete .obj       : /tmp/ramdrive/arc17/Targets/Tuto_Image_Cuda/obj
[CBI] -> Delete .bin       : /tmp/ramdrive/arc17/Targets/Tuto_Image_Cuda/bin
[CBI] -> Delete .cubin     : /tmp/ramdrive/arc17/Targets/Tuto_Image_Cuda/cubin
[CBI] -> Delete doc        : /tmp/ramdrive/arc17/Targets/Tuto_Image_Cuda/doc
[CBI]
[CBI] -> Delete deploy     : ../RELEASE/bin/Tuto_Image_Cuda_gcc_cuda_70_x86_64.run
[CBI] -> Delete deploy doc : ../RELEASE/doc/Tuto_Image_Cuda_gcc_cuda_70_x86_64.doc.tar.gz
==================================================================================

00:33:56 **** Clean-only build of configuration GCC_parallel for project Tuto_NameSpaces ****
makeGCC.sh clean 

--------------------------------------------------------
[Runtime] : gcc x86
--------------------------------------------------------

[Runtime] : Cuda  : /usr/local/cuda/lib64
[Runtime] : Cula  : /usr/local/cula/lib64
[Runtime] : MKL   : /opt/intel/mkl/lib/intel64

[Runtime] : GL/GLEW/GLU
[Runtime] : FreeGlut
[Runtime] : Java (JNI)
[Runtime] : X11

[Runtime] : BOOST   : /opt/api/ext/boost/[user-version]/lib/gcc
[Runtime] : OpenCV  : /opt/api/ext/opencv/[user-version]/lib
[Runtime] : CppTest : /opt/api/ext/cpptest/[user-version]/LIB-STATIC/gcc
[Runtime] : gphoto2  : /opt/api/ext/gphoto2/[user-version]/lib

[Runtime] : bilat_tools
[Runtime] : bilat_fenetrage
[Runtime] : bilat_opengl
[Runtime] : bilat_image
[Runtime] : bilat_graphe2d
[Runtime] : bilat_multicourbe_cuda
[Runtime] : bilat_surface

--------------------------------------------------------
[Runtime] : gcc x86 : Ready!
--------------------------------------------------------


g++ (Ubuntu 4.8.4-2ubuntu1~14.04.1) 4.8.4
Copyright (C) 2013 Free Software Foundation, Inc.
This is free software; see the source for copying conditions.  There is NO
warranty; not even for MERCHANTABILITY or FITNESS FOR A PARTICULAR PURPOSE.


[Make] : GCC : clean


==================================================================================
[CBI] -> Target            : Tuto_NameSpace_gcc_x86_64
[CBI] -> Task			   : DELETE
[CBI] ->
[CBI] -> Delete .obj       : /tmp/ramdrive/arc17/Targets/Tuto_NameSpace/obj
[CBI] -> Delete .bin       : /tmp/ramdrive/arc17/Targets/Tuto_NameSpace/bin
[CBI] -> Delete doc        : /tmp/ramdrive/arc17/Targets/Tuto_NameSpace/doc
[CBI] ->
[CBI] -> Delete deploy     : ../RELEASE/bin/Tuto_NameSpace_gcc_x86_64.run
[CBI] -> Delete deploy doc : ../RELEASE/doc/Tuto_NameSpace_gcc_x86_64.doc.tar.gz
==================================================================================

