20:48:47 **** Incremental Build of configuration CudaGCC_parallel for project Student_Cuda ****
makeCudaGCC.sh jall 

--------------------------------------------------------
[Runtime] : gcc x86
--------------------------------------------------------

[Runtime] : Cuda  : /usr/local/cuda/lib64
[Runtime] : Cula  : /usr/local/cula/lib64
[Runtime] : MKL   : /opt/intel/mkl/lib/intel64

[Runtime] : GL/GLEW/GLU
[Runtime] : FreeGlut
[Runtime] : Java (JNI)
[Runtime] : X11

[Runtime] : BOOST   : /opt/api/ext/boost/[user-version]/lib/gcc
[Runtime] : OpenCV  : /opt/api/ext/opencv/[user-version]/lib
[Runtime] : CppTest : /opt/api/ext/cpptest/[user-version]/LIB-STATIC/gcc
[Runtime] : gphoto2  : /opt/api/ext/gphoto2/[user-version]/lib

[Runtime] : bilat_tools
[Runtime] : bilat_fenetrage
[Runtime] : bilat_opengl
[Runtime] : bilat_image
[Runtime] : bilat_graphe2d
[Runtime] : bilat_multicourbe_cuda
[Runtime] : bilat_surface

--------------------------------------------------------
[Runtime] : gcc x86 : Ready!
--------------------------------------------------------


g++ (Ubuntu 4.8.4-2ubuntu1~14.04.1) 4.8.4
Copyright (C) 2013 Free Software Foundation, Inc.
This is free software; see the source for copying conditions.  There is NO
warranty; not even for MERCHANTABILITY or FITNESS FOR A PARTICULAR PURPOSE.


nvcc: NVIDIA (R) Cuda compiler driver
Copyright (c) 2005-2015 NVIDIA Corporation
Built on Mon_Feb_16_22:59:02_CST_2015
Cuda compilation tools, release 7.0, V7.0.27


[CUDA GCC] : jall


==================================================================================
[CBI] -> Target Name  : Student_Cuda_gcc_cuda_70_x86_64
[CBI] ->
[CBI] -> Build        : /tmp/ramdrive/arc13/Targets/Student_Cuda/bin/Student_Cuda_gcc_cuda_70_x86_64.run
[CBI] -> Deploy       : ../RELEASE/bin
[CBI] ->
[CBI] -> Type	      : EXE
[CBI] -> Arch	      : x86_64
[CBI] -> OS	 		  : Linux
[CBI] -> User	 	  : arc13
[CBI] ->
[CBI] -> Task		  : Compiling-Linking !
==================================================================================

[CBI] -> SRC AUX (Recursif) :
[CBI] ->
[CBI] ->              : ../BilatTools_CPP/src/core
[CBI] ->              : ../BilatTools_Cuda/src/core
[CBI] ->              : /opt/api/ext/boost/158/lib_static/gcc
[CBI] ->              : /opt/api/ext/cpptest/112/LIB_STATIC/gcc

[CBI] -> CXXFLAGS (Partial) :
[CBI] ->
[CBI] ->              : -fopenmp
[CBI] ->              : -std=c++11
[CBI] ->              : -O3
[CBI] ->              : -frerun-loop-opt
[CBI] ->              : -fomit-frame-pointer

[CBI] -> CXXLDFLAGS (Partial) :
[CBI] ->

[CBI] -> NVCCFLAGS (Partial) :
[CBI] ->
[CBI] ->              : --fmad=true
[CBI] ->              : -arch=sm_20
[CBI] ->              : -m64
[CBI] ->              : -use_fast_math

[CBI] -> NVCCLDFLAGS (Partial) :
[CBI] ->
[CBI] ->              : -arch=sm_20

[CBI] -> INC_PATH (auto detect):
[CBI] ->              : ../BilatTools_CPP/src/core/tools/header/
[CBI] ->              : ../BilatTools_CPP/src/core/tools/header/namespace_cpu/
[CBI] ->              : ../BilatTools_Cuda/src/core/cudatools/header/both/
[CBI] ->              : ../BilatTools_Cuda/src/core/cudatools/header/device/
[CBI] ->              : ../BilatTools_Cuda/src/core/cudatools/header/device/curand/
[CBI] ->              : ../BilatTools_Cuda/src/core/cudatools/header/device/reduction/
[CBI] ->              : ../BilatTools_Cuda/src/core/cudatools/header/device/synchronisation/
[CBI] ->              : ../BilatTools_Cuda/src/core/cudatools/header/host/
[CBI] ->              : ../BilatTools_Cuda/src/core/cudatools/header/mixte/
[CBI] ->              : ../BilatTools_Cuda/src/core/cudatools/nvidia/
[CBI] ->              : src/cpp/core/
[CBI] ->              : src/cpp/core/00_Tools/
[CBI] ->              : src/cpp/core/02_Hello_add_vector/00_tools/
[CBI] ->              : src/cpp/core/02_Hello_add_vector/01_objet/host/
[CBI] ->              : src/cpp/core/03_Slice/01_objet/host/
[CBI] ->              : src/cpp/core/06_Histogramme/01_objet/host/
[CBI] ->              : src/cpp/test/junit/01_Test_Hello/
[CBI] ->              : src/cpp/test/junit/02_Test_Vector/


[CBI] -> LIB_PATH (auto detect):

[CBI] -> LIB_PATH (auto detect):

[CBI] -> API_INC :
[CBI] ->              : /opt/api/ext/boost/158/include
[CBI] ->              : /opt/api/ext/cpptest/112/INC
[CBI] ->              : /opt/api/ext/cpptest/112/INC/extension
[CBI] ->              : /usr/local/cuda/include
[CBI] ->              : /usr/local/cuda/include/CL
[CBI] ->              : /usr/local/cuda/include/crt
[CBI] ->              : /usr/local/cuda/include/thrust

[CBI] -> API_LIB :
[CBI] ->              : /usr/local/cuda/lib64

[CBI] -> API_BIN :
[CBI] ->              : /usr/local/cuda/lib64

[CBI] -> API_LIBRARIES :
[CBI] ->              : cublas
[CBI] ->              : cudart
[CBI] ->              : cufft
[CBI] ->              : cufftw
[CBI] ->              : cuinj64
[CBI] ->              : curand
[CBI] ->              : cusolver
[CBI] ->              : cusparse
[CBI] ->              : nppc
[CBI] ->              : nppi
[CBI] ->              : npps
[CBI] ->              : nvToolsExt
[CBI] ->              : nvblas
[CBI] ->              : nvrtc
[CBI] ->              : nvrtc-builtins
[CBI] ->              : pthread


[CBI] -> Compilation parallel (12 threads)

[Student_Cuda_gcc_cuda_70_x86_64] -> nvcc compiling .cu : src/cpp/core/03_Slice/01_objet/device/pi_device.cu
src/cpp/core/03_Slice/01_objet/device/pi_device.cu(17): warning: attribute "global" does not apply here

src/cpp/core/03_Slice/01_objet/device/pi_device.cu(17): error: expected a ";"

src/cpp/core/03_Slice/01_objet/device/pi_device.cu(43): error: identifier "CONST" is undefined

src/cpp/core/03_Slice/01_objet/device/pi_device.cu(43): error: expected a ";"

src/cpp/core/03_Slice/01_objet/device/pi_device.cu(45): error: identifier "Reducetools" is undefined

src/cpp/core/03_Slice/01_objet/device/pi_device.cu(45): error: argument list for class template "ReduceTools" is missing

src/cpp/core/03_Slice/01_objet/device/pi_device.cu(45): error: expected a type specifier

src/cpp/core/03_Slice/01_objet/device/pi_device.cu(45): error: identifier "NB_THREAD_PAR_BLOCK" is undefined

7 errors detected in the compilation of "/tmp/tmpxft_00000168_00000000-7_pi_device.cpp1.ii".
make[1]: *** [/tmp/ramdrive/arc13/Targets/Student_Cuda/obj/pi_device.o] Error 2
make: *** [jall] Error 2

20:48:49 Build Finished (took 1s.414ms)

